0x7c6dae
0x7cca5f
0x7cc977
0x7d3779
0x7d46c5
0x7d4f35
0x7d404d
0x1226e5
0x113ebb
0x120412
0xfdd94
0x100146
0xf2452
0xf6814
0xf0b4b
0xdbcfc
0xd8ffe
0xc17cc
0x8fcbe
0x86cfe
0x9bca3
0x91c0a
0x954e6
0x856e6
0x7d779
0x81c48
0x91d80
0x820c5
0x5184b
0x66efe
0x6db41
0x50695
0x56bea
0x4c306
0x4bf79
0x49854
0x45125
0x3f23a
0x3f961
0x3dd17
0x398a1
0x35fb7
0x33b2f
0x32a80
0x2db20
0x2a913
0x28a06
0x2697a
0x24c8f
0x22df8
0x218c9
0x21781
0x20aa1
0x1f9c7
0x1f0c9
0x1e4a1
0x1d33f
0x1c54b
0x1b5cc
0x1af8a
0x19c98
0x19491
0x18d61
0x18224
0x17d08
0x17909
0x17248
0x16cb5
0x164a8
0x16147
0x15ce5
0x15637
0x14ea4
0x1475a
0x1401a
0x13b87
0x1379f
0x13524
0x1315d
0x12f2f
0x12cdb
0x129a3
0x1249b
0x126cd
0x12492
0x121a6
0x11bd6
0x1165f
0x114b8
0x11628
0x111b5
0x10f91
0x10f66
0x10c1b
0x106fa
0x10203
0xfc78
0xf235
0xf227
0xeff1
0xeb10
0xe2f7
0xd8a9
0xcbb7
0xadd8
0x94eb
0x9480
0x943b
0x944d
0x9441
0x9437
0x9447
0x9442
0x9439
0x944d
0x9445
0x9441
0x943d
0x9439
0x943d
0x9469
0x9488
0x94a3
0x94bf
0x94d0
0x94de
0x9566
0xa87e
0xb8df
0xc5b6
0xcd99
0xd467
0xdb36
0xe17e
0xe6b1
0xec42
0xf115
0xf731
0xfbfa
0x100fa
0x1031a
0x1074a
0x10c05
0x10ff2
0x11330
0x116c0
0x116e5
0x1170b
0x118a1
0x11b95
0x11b0a
0x12049
0x123b5
0x124b8
0x12985
0x12a91
0x12ceb
0x12f78
0x13424
0x136bd
0x13902
0x13d2f
0x142ca
0x1428d
0x146bb
0x14ad9
0x14fba
0x153c4
0x1575c
0x15e2c
0x165e7
0x16a0b
0x170cb
0x1781b
0x17ee9
0x1841b
0x18cea
0x1985e
0x1a2f1
0x1b307
0x1c0c0
0x1d287
0x1e274
0x1ec42
0x209d6
0x2272b
0x2564d
0x2ac9b
0x30ee9
0x3cb76
0x511bf
0x6ae94
0x76aa7
0x972ab
0xb8567
0xcb9f8
0x1479f2
0x2080ea
0x314d6d
0xf42d7e
0xffd384
0xffda55
0xf91dba
0xffe05a
0xffe34a
0xffe635
0xffe648
0xffe66d
0xffe64b
0xffe612
0xffe628
0xffe5e4
0xffe606
0xffe5c2
0xffe5bc
0xffe49f
0xffe571
0xffe1ce
0xffe5a6
0xffe5a5
0xffe54c
0xffd643
0x539a9b
0x10541c
0xf6196
0xfc758
0x1546ae
0x15b9de
0x1624e9
0x16448b
0x1633da
0x164304
0x164047
0x1628cb
0x162fee
0x1630bc
0x162e6c
0x161b79
0x160ba9
0x160a32
0x161254
0x161a12
0x161a6a
0x1626bf
0x1619b0
0x160d6f
0x16056e
0x160247
0x15f430
0x15f7a4
0x160b4c
0x1629a7
0x16259a
0x162138
0x16249b
0x161feb
0x162521
0x16263d
0x161621
0x161875
0x162150
0x161ae6
0x1612b5
0x161175
0x160c6e
0x160707
0x160657
0x160bd5
0x16072f
0x160c7c
0x160a7c
0x160bcb
0x15febe
0x160246
0x15ffbb
0x15fcd3
0x15fd71
0x15fd35
0x15fc1d
0x15fb1b
0x15fb77
0x15fd1a
0x15fb6d
0x15fcdc
0x16013c
0x15fe1f
0x15fc83
0x15fea5
0x16017d
0x1601fd
0x15ff43
0x15ff92
0x160415
0x15fe17
0x15fb4a
0x160101
0x16002f
0x160421
0x1608f5
0x1606aa
0x160230
0x15fda3
0x16076a
0x1606d3
0x16058e
0x1604f4
0x1602b9
0x15f4b8
0x15f253
0x15eb37
0x15ee3d
0x15e999
0x15e9a0
0x15efa2
0x15f1a7
0x15f45b
0x15f577
0x15f152
0x160305
0x15f2d2
0x15fe59
0x16043a
0x160151
0x160585
0x160a1d
0x1607e4
0x160cb3
0x160693
0x15fd4e
0x160154
0x16006c
0x160730
0x160eb2
0x160ebc
0x161503
0x160d4f
0x160d28
0x160abf
0x160cf8
0x160568
0x1604f6
0x1602db
0x160a54
0x1608bc
0x160c18
0x16089b
0x160ced
0x160e51
0x1608aa
0x1606be
0x160865
0x16051a
0x1608ed
0x1603dd
0x1604a3
0x15feb2
0x15faf2
0x15f924
0x15fbbc
0x15fac1
0x15fe92
0x16037f
0x15fd4c
0x15ff5e
0x15fd1a
0x160109
0x1600c7
0x1601f7
0x16044b
0x1602c9
0x160048
0x1602ad
0x16000c
0x160544
0x1603dd
0x15ff74
0x15feec
0x15fd0a
0x15f8fc
0x15fa27
0x15f8d0
0x15f943
0x15fb13
0x15fd2d
0x160254
0x16007f
0x15fed7
0x15fbe7
0x15fcf7
0x160024
0x160039
0x160372
0x1604a4
0x160278
0x16035d
0x1602b4
0x1602c7
0x160787
0x160807
0x1603b6
0x160418
0x1605fd
0x16085a
0x1608ae
0x16062c
0x1609bf
0x1608c2
0x160d7e
0x16107e
0x160d4f
0x160f15
0x160a2d
0x160add
0x160c1b
0x160f36
0x1613cf
0x161557
0x16144f
0x1614cb
0x16149a
0x1617b4
0x161847
0x1618b6
0x161925
0x161a88
0x1618d6
0x161821
0x1616a9
0x161688
0x1614a4
0x1616e0
0x161760
0x161977
0x161894
0x16179c
0x161d5b
0x161a85
0x16188a
0x161488
0x161527
0x16122c
0x161338
0x1614ea
0x161315
0x1610b8
0x161185
0x160e9c
0x160ff0
0x16118e
0x161029
0x160e11
0x161050
0x16150d
0x1614cc
0x16109d
0x130b52
0xd22eb
0xa9127
0xa8efa
0xa8e8c
0xa8b3e
0xab06d
0xab4d5
0xa87e9
0xa7ad8
0xa4a9c
0xaa97c
0xaaf81
0xab89f
0xacc45
0xacfa1
0xacc93
0xaca0b
0xad255
0xaddda
0xae326
0xad847
0xadfd1
0xae458
0xaf6ac
0xaf42a
0xaf101
0xae648
0xae5c5
0xabfe5
0xab2b8
0xabdf0
0xac159
0xad14f
0xae10d
0xaf0db
0xaff57
0xb02a4
0xb03aa
0xb05ca
0xb026f
0xb0409
0xb036b
0xaff4a
0xb029c
0xb0054
0xafc5f
0xafc53
0xafb34
0xae60b
0xae53f
0xae1fe
0xade59
0xad2bb
0xac2f2
0xac460
0xac591
0xac99e
0xac27b
0xac448
0xac0ff
0xac2d4
0xad043
0xacc7d
0xacbf9
0xace1f
0xacc20
0xacc2f
0xacfa0
0xad088
0xacf11
0xad033
0xad10b
0xad6f8
0xad875
0xad2cd
0xace81
0xac904
0xacf17
0xadedd
0xadf9e
0xadd52
0xae2a0
0xae276
0xadfdc
0xaddc7
0xacf8f
0xacf8c
0xad448
0xad109
0xad2bf
0xac70d
0xacbb7
0xacbf1
0xacc9c
0xacdbf
0xace47
0xad096
0xacd6f
0xac8b0
0xaca6c
0xacd40
0xacf0c
0xace16
0xad08d
0xac985
0xac4e1
0xac39e
0xac340
0xac27f
0xac274
0xabdc1
0xac1cb
0xac59d
0xaca3b
0xaccb1
0xaca1b
0xac4b4
0xac8d5
0xac783
0xac359
0xac54e
0xac7bd
0xac911
0xacb3c
0xacab9
0xad254
0xad2bb
0xad190
0xad077
0xad1e2
0xad1e6
0xad1e3
0xad1ca
0xad086
0xaca8b
0xac79a
0xac702
0xac7a8
0xac871
0xac8f7
0xac9fe
0xaca1b
0xac753
0xac1d2
0xabf16
0xabf02
0xabd7e
0xab9b4
0xab915
0xabe6b
0xab8fe
0xac2f6
0xabcf4
0xaba7c
0xabadf
0xabf0f
0xabdec
0xab9ac
0xaba6b
0xabaf3
0xab8df
0xabb79
0xaba1d
0xac1bf
0xabb9f
0xab962
0xab91f
0xaba02
0xab745
0xab82e
0xabacb
0xab6ad
0xab27b
0xab6ee
0xab574
0xab330
0xab584
0xab58a
0xaba49
0xabb21
0xab826
0xabc5f
0xabfce
0xabde8
0xabe49
0xabd07
0xabb2d
0xabe7f
0xab9e4
0xab6d5
0xab68b
0xaba2d
0xaba4a
0xabc5c
0xabb7e
0xabd0a
0xabdbb
0xabcf4
0xabcd8
