1620565175 4188
1620565235 4170
1620565295 4182
1620565356 4170
1620565416 4176
1620565476 4176
1620565536 4172
1620565596 4184
1620565656 4180
1620565716 4168
1620565777 4176
1620565837 4180
1620565897 4168
1620565957 4176
1620566017 4174
1620566077 4180
1620566137 4168
1620566198 4180
1620566258 4182
1620566318 4176
1620566378 4172
1620566439 4176
1620566499 4166
1620566559 4168
1620566619 4166
1620566680 4180
1620566740 4174
1620566800 4168
1620566860 4168
1620566920 4168
1620566980 4168
1620567040 4174
1620567101 4168
1620567161 4170
1620567221 4174
1620567281 4166
1620567342 4168
1620567402 4166
1620567462 4162
1620567522 4172
1620567582 4170
1620567642 4170
1620567702 4164
1620567763 4168
1620567823 4166
1620567883 4164
1620567943 4174
1620568003 4162
1620568063 4162
1620568123 4162
1620568184 4168
1620568244 4170
1620568304 4160
1620568364 4170
1620568424 4168
1620568484 4162
1620568544 4162
1620568605 4170
1620568665 4162
1620568725 4164
1620568785 4166
1620568845 4162
1620568905 4168
1620568965 4168
1620569026 4162
1620569086 4162
1620569146 4162
1620569206 4162
1620569266 4160
1620569326 4160
1620569386 4164
1620569446 4168
1620569507 4168
1620569567 4168
1620569627 4164
1620569687 4162
1620569747 4162
1620569808 4162
1620569868 4160
1620569928 4162
1620569988 4158
1620570048 4158
1620570108 4156
1620570168 4158
1620570229 4162
1620570289 4162
1620570349 4156
1620570409 4162
1620570469 4154
1620570529 4160
1620570589 4158
1620570650 4158
1620570710 4150
1620570770 4154
1620570830 4170
1620570890 4156
1620570950 4156
1620571011 4164
1620571071 4156
1620571131 4160
1620571191 4156
1620571251 4156
1620571311 4158
1620571371 4154
1620571432 4154
1620571492 4152
1620571552 4154
1620571612 4156
1620571672 4150
1620571732 4160
1620571793 4156
1620571853 4152
1620571913 4154
1620571973 4156
1620572033 4152
1620572093 4150
1620572154 4158
1620572214 4152
1620572274 4152
1620572334 4156
1620572394 4156
1620572455 4150
1620572515 4154
1620572575 4150
1620572635 4150
1620572695 4150
1620572755 4158
1620572816 4150
1620572876 4150
1620572956 4164
1620573016 4158
1620573076 4150
1620573136 4152
1620573196 4150
1620573257 4150
1620573317 4150
1620573377 4154
1620573437 4148
1620573497 4148
1620573557 4150
1620573618 4150
1620573678 4150
1620573738 4150
1620573798 4146
1620573858 4154
1620573918 4152
1620573979 4142
1620574039 4150
1620574099 4148
1620574159 4150
1620574219 4142
1620574279 4146
1620574339 4142
1620574400 4142
1620574460 4144
1620574520 4148
1620574580 4148
1620574640 4148
1620574701 4140
1620574761 4146
1620574821 4144
1620574881 4140
1620574941 4142
1620575002 4142
1620575062 4140
1620575122 4148
1620575182 4146
1620575242 4142
1620575302 4142
1620575362 4148
1620575423 4146
1620575483 4142
1620575543 4140
1620575603 4140
1620575663 4140
1620575724 4142
1620575784 4148
1620575844 4140
1620575904 4148
1620575964 4142
1620576024 4140
1620576085 4140
1620576145 4140
1620576205 4140
1620576265 4148
1620576325 4140
1620576385 4146
1620576445 4136
1620576506 4148
1620576566 4140
1620576626 4140
1620576686 4136
1620576746 4148
1620576806 4138
1620576866 4142
1620576927 4136
1620576987 4142
1620577047 4140
1620577108 4138
1620577168 4138
1620577228 4136
1620577288 4136
1620577349 4136
1620577409 4142
1620577469 4134
1620577529 4136
1620577589 4142
1620577650 4134
1620577710 4136
1620577770 4138
1620577830 4134
1620577890 4134
1620577950 4140
1620578010 4148
1620578071 4136
1620578131 4136
1620578191 4136
1620578251 4132
1620578311 4142
1620578372 4136
1620578432 4136
1620578492 4136
1620578552 4132
1620578612 4134
1620578672 4128
1620578733 4138
1620578793 4136
1620578853 4132
1620578913 4142
1620578973 4132
1620579034 4138
1620579094 4130
1620579154 4132
1620579214 4130
1620579274 4136
1620579334 4132
1620579395 4132
1620579455 4128
1620579515 4130
1620579575 4136
1620579635 4136
1620579695 4130
1620579755 4130
1620579815 4130
1620579876 4130
1620579936 4128
1620579996 4128
1620580056 4138
1620580116 4136
1620580177 4126
1620580237 4136
1620580297 4132
1620580358 4128
1620580418 4130
1620580478 4136
1620580538 4132
1620580599 4124
1620580659 4126
1620580719 4126
1620580779 4132
1620580839 4126
1620580900 4126
1620580960 4126
1620581020 4136
1620581080 4126
1620581140 4138
1620581200 4126
1620581261 4126
1620581321 4126
1620581381 4130
1620581441 4130
1620581501 4126
1620581561 4132
1620581622 4126
1620581682 4126
1620581742 4126
1620581802 4126
1620581862 4124
1620581922 4126
1620581982 4120
1620582043 4132
1620582103 4132
1620582163 4126
1620582223 4124
1620582283 4126
1620582343 4124
1620582403 4130
1620582464 4128
1620582524 4126
1620582584 4132
1620582644 4122
1620582704 4120
1620582764 4130
1620582825 4120
1620582885 4124
1620582945 4118
1620583005 4122
1620583065 4130
1620583125 4118
1620583186 4124
1620583246 4126
1620583306 4126
1620583366 4130
1620583426 4128
1620583487 4128
1620583547 4122
1620583607 4124
1620583667 4124
1620583727 4124
1620583788 4122
1620583848 4118
1620583908 4114
1620583968 4118
1620584029 4126
1620584089 4116
1620584163 4120
1620584463 4118
1620584763 4118
1620585064 4118
1620585364 4118
1620585664 4116
1620585964 4112
1620586264 4116
1620586565 4110
1620586865 4110
1620587165 4112
1620587466 4110
1620597852 4128
1620597973 4110
1620598093 4112
1620598213 4120
1620598333 4110
1620598454 4114
1620598574 4120
1620598694 4110
1620598815 4110
1620598935 4110
1620599055 4120
1620599175 4110
1620599296 4110
1620599416 4116
1620599536 4108
1620599656 4110
1620599776 4114
1620599897 4106
1620600017 4110
1620600137 4110
1620600257 4104
1620600378 4104
1620600498 4110
1620600618 4104
1620600738 4102
1620600858 4108
1620600979 4116
1620601099 4108
1620601219 4102
1620601340 4102
1620601460 4104
1620601580 4100
1620601700 4114
1620601821 4102
1620601941 4098
1620602061 4098
1620602181 4110
1620602302 4106
1620602422 4100
1620602542 4100
1620602662 4098
1620602783 4104
1620602903 4098
1620603023 4100
1620603143 4102
1620603264 4100
1620603384 4096
1620603504 4098
1620603624 4112
1620603745 4100
1620603865 4098
1620603985 4094
1620604105 4096
1620604226 4098
1620604346 4094
1620604466 4098
1620604586 4094
1620604707 4098
1620604827 4092
1620604947 4098
1620605067 4092
1620605188 4088
1620605308 4104
1620605428 4098
1620605548 4090
1620605668 4098
1620605789 4094
1620605909 4090
1620606029 4092
1620606149 4096
1620606269 4096
1620606390 4090
1620606510 4086
1620606630 4088
1620606750 4088
1620606871 4090
1620606991 4088
1620607111 4092
1620607231 4088
1620607352 4088
1620607472 4094
1620607592 4092
1620607712 4090
1620607832 4086
1620607952 4086
1620608072 4094
1620608193 4098
1620608313 4086
1620608433 4084
1620608554 4096
1620608674 4090
1620608794 4090
1620608914 4094
1620609034 4090
1620609155 4088
1620609275 4080
1620609395 4086
1620609516 4090
1620609636 4084
1620609756 4086
1620609876 4086
1620609997 4086
1620610117 4092
1620610237 4082
1620610357 4078
1620610478 4080
1620610598 4078
1620610718 4080
1620610838 4082
1620610958 4078
1620611079 4084
1620611199 4078
1620611319 4078
1620611439 4080
1620611560 4076
1620611680 4078
1620611800 4076
1620611920 4076
1620612040 4084
1620612160 4076
1620612281 4074
1620612401 4084
1620612521 4086
1620612641 4072
1620612762 4072
1620612882 4074
1620613002 4076
1620613122 4076
1620613242 4080
1620613363 4072
1620613483 4080
1620613603 4072
1620613723 4076
1620613844 4072
1620613964 4078
1620614084 4080
1620614204 4070
1620614325 4070
1620614445 4074
1620614565 4072
1620614685 4070
1620614805 4072
1620614926 4078
1620615046 4078
1620615166 4068
1620615286 4066
1620615406 4080
1620615527 4064
1620615647 4074
1620615767 4076
1620615887 4062
1620616008 4068
1620616128 4064
1620616248 4068
1620616368 4066
1620616488 4064
1620616609 4062
1620616729 4066
1620616849 4070
1620616970 4070
1620617090 4066
1620617210 4062
1620617330 4062
1620617451 4068
1620617571 4066
1620617691 4060
1620617811 4068
1620617932 4062
1620618052 4062
1620618172 4060
1620618293 4062
1620618413 4062
1620618533 4060
1620618653 4060
1620618774 4060
1620618894 4062
1620619014 4060
1620619134 4060
1620619254 4058
1620619375 4064
1620619495 4056
1620619615 4054
1620619736 4062
1620619856 4060
1620619976 4060
1620620096 4064
1620620216 4060
1620620337 4062
1620620457 4054
1620620577 4054
1620620697 4056
1620620817 4054
1620620937 4058
1620621058 4054
1620621178 4054
1620621298 4062
1620621418 4058
1620621538 4052
1620621658 4056
1620621779 4058
1620621899 4054
1620622019 4052
1620622139 4054
1620622259 4058
1620622379 4054
1620622499 4050
1620622620 4050
1620622740 4050
1620622860 4054
1620622980 4052
1620623101 4052
1620623221 4048
1620623341 4050
1620623461 4050
1620623581 4048
1620623702 4046
1620623822 4046
1620623942 4054
1620624062 4046
1620624182 4052
1620624303 4046
1620624423 4052
1620624543 4054
1620624663 4056
1620624784 4046
1620624904 4046
1620625024 4046
1620625144 4044
1620625264 4048
1620625385 4052
1620625505 4044
1620625625 4046
1620625746 4046
1620625866 4048
1620625986 4040
1620626106 4044
1620626226 4040
1620626346 4046
1620626467 4046
1620626587 4052
1620626707 4040
1620626827 4040
1620626948 4038
1620627068 4038
1620627188 4040
1620627308 4044
1620627428 4038
1620627549 4040
1620627669 4042
1620627789 4038
1620627909 4038
1620628029 4038
1620628149 4042
1620628270 4036
1620628390 4034
1620628510 4040
1620628630 4038
1620628751 4040
1620628871 4040
1620628991 4046
1620629111 4034
1620629231 4036
1620629352 4034
1620629472 4036
1620629592 4034
1620629712 4034
1620629833 4044
1620629953 4040
1620630073 4034
1620630193 4032
1620630314 4034
1620630434 4038
1620630554 4036
1620630674 4044
1620630795 4034
1620630915 4034
1620631035 4030
1620631155 4034
1620631276 4030
1620631396 4032
1620631516 4030
1620631636 4028
1620631757 4028
1620631877 4026
1620631997 4028
1620632117 4026
1620632238 4026
1620632358 4028
1620632478 4028
1620632598 4032
1620632718 4028
1620632838 4022
1620632959 4026
1620633079 4038
1620633199 4024
1620633319 4022
1620633440 4024
1620633560 4026
1620633680 4024
1620633800 4022
1620633921 4022
1620634041 4022
1620634161 4032
1620634281 4026
1620634402 4022
1620634522 4022
1620634642 4032
1620634762 4030
1620634883 4026
1620635003 4030
1620635123 4022
1620635243 4022
1620635363 4022
1620635484 4018
1620635604 4022
1620635724 4024
1620635844 4034
1620635964 4016
1620636085 4022
1620636205 4022
1620636325 4016
1620636445 4022
1620636566 4022
1620636686 4016
1620636806 4020
1620636926 4022
1620637047 4022
1620637167 4014
1620637287 4018
1620637407 4032
1620637528 4014
1620637648 4014
1620637768 4022
1620637889 4014
1620638009 4014
1620638129 4022
1620638249 4012
1620638369 4020
1620638490 4020
1620638610 4018
1620638731 4012
1620638851 4014
1620638971 4014
1620639091 4016
1620639211 4012
1620639332 4010
1620639452 4012
1620639572 4012
1620639692 4012
1620639813 4010
1620639933 4010
1620640053 4010
1620640173 4014
1620640294 4016
1620640414 4012
1620640534 4010
1620640655 4016
1620640775 4016
1620640895 4008
1620641015 4006
1620641136 4012
1620641256 4016
1620641376 4018
1620641497 4002
1620641617 4008
1620641737 4004
1620641857 4006
1620641978 4008
1620642098 4010
1620642218 4002
1620642338 4004
1620642458 4012
1620642579 4008
1620642699 4004
1620642819 4014
1620642939 4004
1620643060 4004
1620643180 4008
1620643300 4004
1620643420 4010
1620643541 4002
1620643661 4008
1620643781 4016
1620643901 4002
1620644021 4002
1620644142 4010
1620644262 4004
1620644382 3998
1620644502 3998
1620644623 3998
1620644743 3998
1620644863 3998
1620644983 3998
1620645104 3998
1620645224 4006
1620645344 3998
1620645464 4000
1620645585 4000
1620645705 4002
1620645825 3998
1620645945 3994
1620646066 3998
1620646186 3998
1620646306 3996
1620646426 4002
1620646546 3996
1620646667 3998
1620646787 3994
1620646907 3996
1620647027 3996
1620647148 3996
1620647268 3996
1620647388 3994
1620647509 3994
1620647629 3990
1620647749 3996
1620647869 3998
1620647990 3994
1620648110 3996
1620648230 3990
1620648350 3992
1620648471 3990
1620648592 3994
1620648712 3996
1620648832 3988
1620648952 3990
1620649073 3990
1620649193 3990
1620649313 3990
1620649434 3988
1620649554 3990
1620649674 3990
1620649794 3990
1620649914 3988
1620650035 3986
1620650155 3990
1620650275 3984
1620650395 3990
1620650515 3986
1620650636 3986
1620650756 3986
1620650876 3988
1620650996 3984
1620651116 3984
1620651237 3994
1620651357 3994
1620651477 3992
1620651597 3984
1620651718 3982
1620651838 3984
1620651958 3986
1620652078 3988
1620652198 3982
1620652319 3986
1620652439 3982
1620652559 3988
1620652679 3982
1620652800 3980
1620652920 3984
1620653040 3978
1620653160 3982
1620653280 3982
1620653401 3982
1620653521 3982
1620653641 3990
1620653761 3988
1620653882 3980
1620654002 3970
1620654122 3980
1620654242 3978
1620654362 3976
1620654483 3978
1620654603 3982
1620654723 3978
1620654844 3974
1620654964 3976
1620655084 3974
1620655204 3978
1620655325 3972
1620655445 3976
1620655565 3972
1620655685 3972
1620655806 3974
1620655926 3976
1620656046 3972
1620656166 3980
1620656287 3976
1620656407 3976
1620656527 3972
1620656647 3978
1620656768 3972
1620656888 3976
1620657008 3978
1620657129 3978
1620657249 3972
1620657369 3978
1620657489 3972
1620657610 3970
1620657730 3970
1620657850 3978
1620657970 3972
1620658091 3970
1620658211 3972
1620658331 3970
1620658451 3970
1620658572 3970
1620658692 3970
1620658812 3974
1620658932 3970
1620659053 3966
1620659173 3966
1620659293 3968
1620659413 3974
1620659534 3978
1620659654 3964
1620659774 3964
1620659894 3964
1620660015 3968
1620660135 3964
1620660255 3970
1620660375 3962
1620660495 3968
1620660616 3974
1620660736 3964
1620660856 3964
1620660977 3970
1620661097 3962
1620661217 3964
1620661337 3962
1620661457 3962
1620661578 3960
1620661698 3960
1620661818 3962
1620661938 3966
1620662058 3962
1620662179 3966
1620662299 3954
1620662419 3958
1620662539 3960
1620662660 3960
1620662780 3958
1620662900 3968
1620663020 3968
1620663141 3958
1620663261 3962
1620663381 3956
1620663501 3960
1620663621 3958
1620663742 3964
1620663862 3962
1620663982 3956
1620664102 3956
1620664222 3956
1620664343 3956
1620664463 3956
1620664583 3956
1620664704 3956
1620664824 3956
1620664944 3956
1620665064 3956
1620665184 3964
1620665305 3956
1620665425 3954
1620665545 3954
1620665665 3954
1620665785 3962
1620665906 3952
1620666026 3950
1620666146 3954
1620666266 3958
1620666386 3952
1620666507 3952
1620666627 3964
1620666747 3950
1620666867 3958
1620666988 3950
1620667108 3950
1620667228 3954
1620667348 3948
1620667469 3950
1620667589 3950
1620667709 3958
1620667830 3948
1620667950 3950
1620668070 3948
1620668190 3946
1620668310 3948
1620668431 3946
1620668551 3946
1620668671 3956
1620668791 3950
1620668911 3950
1620669032 3948
1620669152 3950
1620669272 3946
1620669392 3944
1620669513 3946
1620669633 3946
1620669753 3946
1620669873 3944
1620669993 3944
1620670114 3944
1620670234 3950
1620670354 3954
1620670474 3944
1620670594 3948
1620670715 3950
1620670835 3940
1620670955 3944
1620671075 3940
1620671195 3944
1620671316 3944
1620671436 3940
1620671556 3940
1620671677 3954
1620671797 3950
1620671917 3940
1620672037 3940
1620672158 3946
1620672278 3940
1620672398 3938
1620672518 3944
1620672639 3940
1620672759 3936
1620672879 3938
1620672999 3942
1620673120 3940
1620673240 3942
1620673360 3940
1620673480 3942
1620673601 3938
1620673721 3948
1620673841 3934
1620673961 3934
1620674082 3938
1620674202 3938
1620674322 3934
1620674442 3932
1620674562 3932
1620674683 3948
1620674803 3934
1620674923 3934
1620675043 3934
1620675163 3932
1620675284 3932
1620675404 3934
1620675524 3934
1620675644 3942
1620675765 3934
1620675885 3940
1620676005 3936
1620676125 3932
1620676246 3932
1620676366 3936
1620676486 3932
1620676607 3932
1620676727 3934
1620676847 3932
1620676967 3932
1620677087 3930
1620677208 3930
1620677328 3930
1620677448 3926
1620677568 3932
1620677689 3926
1620677809 3932
1620677929 3926
1620678049 3928
1620678170 3934
1620678290 3936
1620678410 3924
1620678530 3926
1620678651 3924
1620678771 3924
1620678891 3924
1620679011 3924
1620679131 3928
1620679252 3924
1620679372 3924
1620679492 3924
1620679612 3928
1620679733 3930
1620679853 3928
1620679974 3930
1620680094 3922
1620680214 3922
1620680334 3930
1620680455 3922
1620680575 3926
1620680695 3922
1620680816 3918
1620680936 3922
1620681056 3934
1620681177 3922
1620681297 3922
1620681417 3918
1620681538 3918
1620681658 3918
1620681778 3920
1620681899 3926
1620682019 3918
1620682139 3920
1620682259 3922
1620682380 3926
1620682500 3918
1620682620 3908
1620682740 3918
1620682860 3924
1620682981 3922
1620683101 3918
1620683221 3928
1620683342 3920
1620683462 3926
1620683582 3918
1620683702 3914
1620683823 3914
1620683943 3924
1620684063 3924
1620684183 3914
1620684304 3920
1620684424 3926
1620684544 3918
1620684664 3912
1620684785 3912
1620684905 3914
1620685025 3910
1620685145 3914
1620685265 3912
1620685386 3912
1620685506 3908
1620685626 3908
1620685746 3910
1620685866 3912
1620685987 3908
1620686107 3908
1620686227 3908
1620686347 3910
1620686468 3908
1620686588 3914
1620686708 3908
1620686829 3908
1620686949 3908
1620687069 3908
1620687190 3908
1620687310 3906
1620687430 3912
1620687550 3908
1620687671 3910
1620687791 3906
1620687911 3906
1620688031 3910
1620688152 3914
1620688272 3906
1620688392 3906
1620688512 3904
1620688633 3906
1620688753 3904
1620688873 3906
1620688993 3900
1620689113 3904
1620689234 3906
1620689354 3906
1620689474 3904
1620689594 3902
1620689715 3900
1620689835 3906
1620689955 3900
1620690075 3900
1620690195 3902
1620690316 3910
1620690436 3898
1620690556 3906
1620690676 3900
1620690797 3906
1620690917 3906
1620691037 3900
1620691157 3898
1620691278 3900
1620691398 3902
1620691518 3900
1620691638 3904
1620691758 3904
1620691879 3900
1620691999 3898
1620692119 3896
1620692240 3904
1620692360 3896
1620692480 3898
1620692600 3904
1620692720 3904
1620692841 3896
1620692961 3894
1620693081 3892
1620693201 3896
1620693321 3892
1620693442 3892
1620693562 3900
1620693682 3894
1620693802 3900
1620693922 3894
1620694042 3900
1620694163 3892
1620694283 3904
1620694403 3896
1620694523 3896
1620694644 3898
1620694764 3892
1620694884 3892
1620695004 3892
1620695124 3892
1620695244 3894
1620695365 3892
1620695485 3900
1620695605 3892
1620695725 3886
1620695846 3892
1620695966 3886
1620696086 3890
1620696207 3892
1620696327 3892
1620696447 3888
1620696568 3894
1620696688 3886
1620696808 3892
1620696928 3886
1620697048 3888
1620697169 3884
1620697289 3886
1620697409 3886
1620697529 3884
1620697650 3886
1620697770 3886
1620697890 3884
1620698010 3884
1620698131 3886
1620698251 3884
1620698372 3888
1620698492 3886
1620698612 3882
1620698732 3886
1620698853 3886
1620698973 3884
1620699093 3890
1620699214 3886
1620699334 3882
1620699454 3882
1620699574 3886
1620699695 3884
1620699815 3886
1620699935 3880
1620700055 3880
1620700175 3882
1620700296 3882
1620700416 3880
1620700536 3880
1620700657 3888
1620700777 3888
1620700897 3882
1620701017 3880
1620701138 3878
1620701258 3880
1620701378 3882
1620701498 3880
1620701619 3880
1620701739 3888
1620701859 3876
1620701979 3882
1620702100 3878
1620702220 3876
1620702340 3876
1620702461 3884
1620702581 3878
1620702701 3880
1620702821 3874
1620702942 3880
1620703062 3882
1620703182 3882
1620703302 3872
1620703423 3872
1620703543 3874
1620703663 3878
1620703783 3874
1620703903 3874
1620704024 3872
1620704144 3878
1620704264 3872
1620704384 3878
1620704505 3874
1620704625 3870
1620704745 3870
1620704865 3868
1620704986 3878
1620705106 3874
1620705226 3868
1620705347 3870
1620705467 3870
1620705587 3874
1620705707 3870
1620705828 3870
1620705948 3878
1620706068 3868
1620706188 3868
1620706309 3868
1620706429 3868
1620706550 3868
1620706670 3870
1620706790 3868
1620706910 3872
1620707031 3874
1620707151 3866
1620707271 3862
1620707391 3870
1620707512 3872
1620707632 3866
1620707752 3862
1620707873 3862
1620707993 3868
1620708113 3872
1620708233 3862
1620708354 3862
1620708474 3862
1620708594 3864
1620708715 3864
1620708835 3864
1620708955 3866
1620709075 3860
1620709196 3866
1620709316 3860
1620709436 3866
1620709556 3860
1620709676 3858
1620709797 3864
1620709917 3866
1620710037 3864
1620710158 3860
1620710278 3862
1620710398 3860
1620710519 3860
1620710639 3856
1620710759 3860
1620710879 3858
1620710999 3858
1620711120 3860
1620711240 3856
1620711360 3858
1620711480 3866
1620711601 3858
1620711721 3856
1620711841 3866
1620711961 3866
1620712082 3854
1620712202 3860
1620712322 3862
1620712442 3854
1620712562 3860
1620712682 3860
1620712803 3860
1620712923 3864
1620713043 3854
1620713164 3854
1620713284 3852
1620713404 3854
1620713524 3854
1620713644 3856
1620713765 3862
1620713885 3860
1620714005 3854
1620714126 3854
1620714246 3852
1620714366 3854
1620714486 3852
1620714607 3854
1620714727 3856
1620714847 3856
1620714968 3854
1620715088 3850
1620715209 3848
1620715329 3848
1620715449 3852
1620715569 3848
1620715690 3854
1620715810 3850
1620715930 3856
1620716050 3846
1620716171 3850
1620716291 3848
1620716411 3844
1620716531 3846
1620716651 3852
1620716772 3844
1620716892 3848
1620717012 3846
1620717133 3844
1620717253 3850
1620717373 3848
1620717493 3852
1620717614 3842
1620717734 3844
1620717854 3844
1620717974 3848
1620718094 3844
1620718215 3850
1620718335 3844
1620718455 3844
1620718575 3850
1620718695 3842
1620718816 3842
1620718936 3842
1620719056 3842
1620719176 3842
1620719297 3842
1620719417 3850
1620719537 3844
1620719657 3850
1620719777 3838
1620719898 3840
1620720018 3852
1620720138 3836
1620720258 3840
1620720379 3842
1620720499 3840
1620720619 3842
1620720739 3840
1620720859 3838
1620720980 3846
1620721100 3834
1620721220 3842
1620721340 3834
1620721460 3836
1620721581 3838
1620721701 3842
1620721821 3840
1620721942 3834
1620722062 3836
1620722182 3834
1620722302 3834
1620722422 3834
1620722543 3836
1620722663 3832
1620722783 3836
1620722903 3832
1620723023 3836
1620723144 3840
1620723264 3832
1620723384 3830
1620723504 3832
1620723625 3832
1620723745 3836
1620723865 3832
1620723985 3836
1620724106 3832
1620724226 3828
1620724346 3832
1620724466 3832
1620724587 3828
1620724707 3828
1620724827 3828
1620724947 3836
1620725067 3834
1620725188 3828
1620725308 3828
1620725428 3832
1620725548 3842
1620725668 3836
1620725788 3828
1620725908 3828
1620726029 3836
1620726149 3834
1620726269 3834
1620726390 3828
1620726510 3830
1620726630 3830
1620726750 3830
1620726870 3828
1620726990 3830
1620727111 3830
1620727231 3824
1620727351 3822
1620727471 3828
1620727591 3830
1620727712 3830
1620727832 3824
1620727952 3824
1620728072 3822
1620728193 3820
1620728313 3822
1620728433 3822
1620728553 3822
1620728673 3826
1620728793 3822
1620728914 3822
1620729034 3820
1620729154 3818
1620729274 3822
1620729394 3822
1620729514 3824
1620729635 3820
1620729755 3820
1620729875 3826
1620729995 3826
1620730115 3818
1620730236 3818
1620730356 3824
1620730476 3818
1620730596 3820
1620730717 3816
1620730837 3814
1620730957 3816
1620731077 3824
1620731197 3818
1620731318 3814
1620731438 3820
1620731558 3816
1620731678 3816
1620731798 3818
1620731919 3820
1620732039 3816
1620732159 3816
1620732279 3820
1620732399 3816
1620732519 3816
1620732640 3810
1620732760 3814
1620732880 3814
1620733000 3818
1620733120 3812
1620733241 3818
1620733361 3816
1620733481 3812
1620733601 3812
1620733721 3812
1620733842 3812
1620733962 3818
1620734082 3818
1620734202 3810
1620734322 3810
1620734443 3814
1620734563 3812
1620734683 3808
1620734803 3814
1620734924 3808
1620735044 3810
1620735164 3808
1620735284 3810
1620735404 3812
1620735524 3806
1620735645 3806
1620735765 3812
1620735885 3806
1620736006 3808
1620736126 3806
1620736246 3808
1620736366 3808
1620736487 3806
1620736607 3806
1620736727 3806
1620736847 3806
1620736967 3804
1620737088 3804
1620737208 3804
1620737328 3806
1620737448 3816
1620737568 3816
1620737689 3804
1620737809 3806
1620737929 3804
1620738049 3808
1620738170 3810
1620738290 3808
1620738410 3808
1620738530 3808
1620738650 3804
1620738771 3802
1620738891 3804
1620739011 3804
1620739131 3798
1620739251 3808
1620739372 3804
1620739492 3796
1620739612 3798
1620739732 3808
1620739852 3798
1620739973 3796
1620740093 3796
1620740213 3804
1620740333 3808
1620740453 3794
1620740574 3802
1620740694 3810
1620740814 3796
1620740934 3794
1620741054 3800
1620741175 3804
1620741295 3794
1620741415 3794
1620741535 3796
1620741656 3800
1620741776 3794
1620741896 3794
1620742016 3794
1620742137 3794
1620742257 3794
1620742377 3792
1620742497 3790
1620742617 3792
1620742738 3796
1620742858 3790
1620742978 3790
1620743098 3792
1620743219 3796
1620743339 3790
1620743459 3790
1620743579 3790
1620743699 3790
1620743819 3790
1620743940 3790
1620744060 3796
1620744180 3790
1620744300 3798
1620744420 3794
1620744541 3790
1620744661 3788
1620744781 3792
1620744901 3790
1620745021 3798
1620745142 3798
1620745262 3790
1620745382 3792
1620745502 3790
1620745623 3786
1620745743 3794
1620745863 3788
1620745983 3792
1620746103 3790
1620746224 3786
1620746344 3788
1620746464 3784
1620746584 3784
1620746704 3784
1620746825 3790
1620746945 3784
1620747065 3790
1620747185 3784
1620747305 3786
1620747426 3780
1620747546 3784
1620747666 3780
1620747786 3780
1620747906 3780
1620748026 3788
1620748147 3784
1620748267 3782
1620748387 3778
1620748507 3788
1620748628 3782
1620748748 3788
1620748868 3780
1620748988 3778
1620749108 3786
1620749229 3780
1620749349 3784
1620749469 3778
1620749589 3784
1620749709 3776
1620749829 3782
1620749950 3788
1620750070 3778
1620750190 3778
1620750311 3782
1620750431 3778
1620750551 3784
1620750671 3772
1620750791 3778
1620750912 3780
1620751032 3772
1620751152 3778
1620751272 3784
1620751392 3778
1620751513 3772
1620751633 3776
1620751753 3782
1620751873 3782
1620751993 3784
1620752114 3778
1620752234 3778
1620752354 3774
1620752474 3772
1620752594 3778
1620752715 3774
1620752835 3774
1620752955 3770
1620753075 3770
1620753196 3772
1620753316 3770
1620753436 3776
1620753556 3774
1620753677 3768
1620753797 3770
1620753917 3770
1620754037 3776
1620754158 3768
1620754278 3772
1620754398 3768
1620754518 3766
1620754638 3766
1620754759 3766
1620754879 3768
1620754999 3766
1620755119 3766
1620755239 3770
1620755360 3764
1620755480 3764
1620755600 3760
1620755720 3764
1620755840 3764
1620755961 3772
1620756081 3764
1620756201 3764
1620756321 3764
1620756441 3772
1620756561 3766
1620756682 3760
1620756802 3760
1620756922 3772
1620757042 3764
1620757162 3764
1620757283 3758
1620757403 3768
1620757523 3764
1620757643 3760
1620757763 3762
1620757884 3764
1620758004 3764
1620758124 3760
1620758244 3760
1620758364 3758
1620758485 3756
1620758605 3758
1620758725 3760
1620758845 3756
1620758965 3754
1620759086 3756
1620759206 3758
1620759326 3754
1620759446 3758
1620759567 3762
1620759687 3754
1620759807 3762
1620759927 3754
1620760048 3754
1620760168 3754
1620760288 3752
1620760408 3752
1620760528 3756
1620760649 3752
1620760769 3760
1620760889 3764
1620761009 3752
1620761130 3754
1620761250 3752
1620761370 3752
1620761490 3762
1620761610 3750
1620761730 3752
1620761851 3748
1620761971 3746
1620762092 3746
1620762212 3752
1620762332 3748
1620762453 3752
1620762573 3746
1620762693 3752
1620762813 3752
1620762933 3746
1620765477 3744
1620765597 3750
1620765717 3746
1620765837 3750
1620765958 3746
1620766078 3746
1620766198 3744
1620766318 3742
1620766439 3750
1620766559 3742
1620766679 3746
1620766799 3746
1620766919 3742
1620767040 3746
1620767160 3746
1620767280 3748
1620767400 3748
1620767521 3738
1620767641 3746
1620767761 3748
1620767881 3746
1620768002 3740
1620768122 3740
1620768242 3748
1620768363 3738
1620768483 3746
1620768603 3742
1620768723 3742
1620768844 3746
1620768964 3738
1620769084 3740
1620769204 3738
1620769325 3744
1620769445 3742
1620769565 3738
1620769685 3738
1620769806 3740
1620769926 3736
1620770046 3748
1620770166 3738
1620770287 3738
1620770407 3740
1620770527 3738
1620770647 3738
1620770768 3738
1620770888 3738
1620771008 3734
1620771128 3738
1620771249 3738
1620771369 3740
1620771489 3730
1620771610 3738
1620771730 3734
1620771850 3736
1620771970 3738
1620772090 3738
1620772211 3740
1620772331 3734
1620772451 3734
1620772571 3734
1620772692 3732
1620772812 3734
1620772932 3734
1620773052 3734
1620773173 3730
1620773293 3730
1620773413 3734
1620773533 3740
1620773653 3730
1620773774 3730
1620773894 3730
1620774014 3734
1620774134 3730
1620774255 3734
1620774375 3732
1620774495 3734
1620774615 3730
1620774736 3734
1620774856 3732
1620774976 3730
1620775096 3730
1620775217 3734
1620775337 3732
1620775457 3728
1620775578 3730
1620775698 3734
1620775818 3726
1620775939 3732
1620776059 3732
1620776179 3730
1620776300 3728
1620776420 3728
1620776540 3728
1620776660 3730
1620776780 3730
1620776901 3736
1620777021 3728
1620777141 3728
1620777261 3728
1620777382 3728
1620777502 3730
1620777622 3728
1620777742 3730
1620777863 3726
1620777983 3734
1620778103 3728
1620778223 3730
1620778344 3728
1620778464 3730
1620778584 3730
1620778704 3728
1620778825 3726
1620778945 3728
1620779065 3728
1620779185 3722
1620779306 3734
1620779426 3720
1620779546 3726
1620779667 3720
1620779787 3726
1620779907 3724
1620780027 3732
1620780148 3720
1620780268 3726
1620780388 3718
1620780508 3722
1620780629 3728
1620780749 3720
1620780869 3720
1620780990 3722
1620781110 3726
1620781230 3718
1620781350 3730
1620781471 3720
1620781591 3722
1620781711 3720
1620781831 3722
1620781951 3720
1620782072 3720
1620782192 3718
1620782312 3718
1620782433 3722
1620782553 3722
1620782673 3718
1620782793 3728
1620782914 3720
1620783034 3718
1620783154 3720
1620783274 3718
1620783395 3722
1620783515 3718
1620783635 3720
1620783755 3718
1620783876 3716
1620783996 3722
1620784116 3714
1620784236 3714
1620784356 3718
1620784477 3720
1620784597 3714
1620784717 3724
1620784837 3716
1620784958 3714
1620785078 3716
1620785198 3716
1620785318 3714
1620785438 3716
1620785559 3714
1620785679 3714
1620785799 3714
1620785919 3714
1620786040 3718
1620786160 3716
1620786280 3714
1620786400 3718
1620786521 3718
1620786641 3716
1620786761 3718
1620786882 3724
1620787002 3712
1620787122 3714
1620787242 3714
1620787363 3712
1620787483 3714
1620787603 3718
1620787723 3718
1620787844 3714
1620787964 3718
1620788084 3714
1620788204 3724
1620788325 3714
1620788445 3724
1620788565 3714
1620788685 3724
1620788806 3714
1620788926 3720
1620789046 3712
1620789166 3714
1620789286 3714
1620789407 3720
1620789527 3714
1620789647 3718
1620789767 3710
1620789888 3714
1620790008 3714
1620790128 3712
1620790248 3718
1620790369 3714
1620790489 3708
1620790609 3714
1620790729 3714
1620790850 3708
1620790970 3720
1620791090 3708
1620791210 3708
1620791331 3714
1620791451 3714
1620791572 3714
1620791692 3714
1620791812 3708
1620791932 3710
1620792053 3708
1620792173 3706
1620792293 3708
1620792413 3714
1620792534 3714
1620792654 3706
1620792774 3708
1620792894 3704
1620793014 3706
1620793135 3708
1620793255 3714
1620793375 3706
1620793496 3708
1620793616 3704
1620793736 3708
1620793856 3710
1620793976 3708
1620794097 3706
1620794217 3708
1620794337 3708
1620794458 3708
1620794578 3706
1620794698 3706
1620794818 3706
1620794939 3712
1620795059 3702
1620795179 3710
1620795299 3708
1620795420 3710
1620795540 3706
1620795660 3706
1620795780 3706
1620795900 3714
1620796021 3710
1620796141 3704
1620796261 3706
1620796382 3706
1620796502 3704
1620796622 3708
1620796742 3706
1620796862 3712
1620796983 3708
1620797103 3706
1620797223 3706
1620797343 3712
1620797464 3704
1620797584 3706
1620797704 3704
1620797824 3702
1620797945 3704
1620798065 3706
1620798185 3702
1620798305 3700
1620798425 3702
1620798546 3700
1620798666 3702
1620798786 3702
1620798906 3708
1620799026 3702
1620799147 3702
1620799267 3708
1620799387 3704
1620799507 3702
1620799628 3704
1620799748 3702
1620799868 3710
1620799989 3702
1620800109 3702
1620800229 3700
1620800349 3700
1620800470 3702
1620800590 3702
1620800710 3700
1620800830 3700
1620800951 3698
1620801071 3700
1620801191 3698
1620801311 3700
1620801432 3700
1620801552 3708
1620801672 3702
1620801793 3702
1620801913 3698
1620802033 3700
1620802153 3700
1620802274 3706
1620802394 3706
1620802514 3706
1620802634 3700
1620802755 3698
1620802875 3704
1620802995 3702
1620803115 3700
1620803235 3700
1620803356 3700
1620803476 3700
1620803596 3698
1620803725 3696
1620804025 3698
1620804325 3702
1620804626 3700
1620804926 3700
1620805226 3698
1620805526 3698
1620805827 3694
1620806127 3698
1620806427 3696
1620806727 3700
1620807028 3696
1620807328 3696
1620807628 3696
1620807928 3694
1620808229 3696
1620808529 3694
1620808829 3694
1620809129 3698
1620809430 3696
1620809730 3696
1620810030 3694
1620810330 3696
1620810630 3694
1620810931 3698
1620811231 3698
1620811531 3694
1620811831 3690
1620812132 3688
1620812432 3690
1620812732 3692
1620813032 3696
1620813333 3692
1620813633 3692
1620813933 3692
1620814233 3690
1620814534 3690
1620814834 3690
1620815134 3690
1620815434 3688
1620815735 3692
1620816035 3694
1620816335 3696
1620816635 3690
1620816936 3690
1620817236 3690
1620817536 3690
1620817836 3692
1620818137 3692
1620818437 3694
1620818737 3694
1620819037 3686
1620819338 3690
1620819638 3690
1620819938 3688
1620820238 3686
1620820539 3690
1620820839 3688
1620821139 3688
1620821439 3688
1620821740 3688
1620822040 3686
1620822340 3686
1620822640 3690
1620822941 3686
1620823241 3684
1620823541 3690
1620823841 3684
1620824142 3682
1620824442 3682
1620824742 3682
1620825042 3682
1620825342 3678
1620825643 3682
1620825943 3682
1620826243 3690
1620826543 3684
1620826844 3682
1620827144 3682
1620827444 3680
1620827744 3680
1620828045 3682
1620828345 3682
1620828645 3682
1620828945 3682
1620829245 3682
1620829546 3680
1620829846 3686
1620830146 3686
1620830446 3678
1620830747 3686
1620831047 3678
1620831347 3680
1620831648 3682
1620831948 3682
1620832248 3682
1620832548 3682
1620832849 3674
1620833149 3676
1620833449 3678
1620833750 3682
1620834050 3682
1620834350 3676
1620834650 3674
1620834951 3682
1620835251 3674
1620835551 3678
1620835851 3678
1620836152 3682
1620836452 3684
1620836752 3674
1620837053 3676
1620837353 3678
1620837653 3676
1620837954 3676
1620838254 3676
1620838554 3676
1620838854 3676
1620839155 3674
1620839455 3676
1620839755 3676
1620840055 3674
1620840355 3684
1620840656 3676
1620840956 3676
1620841256 3674
1620841557 3674
1620841857 3674
1620842157 3672
1620842457 3674
1620842758 3674
1620843058 3678
1620843358 3674
1620843658 3674
1620843959 3674
1620844259 3670
1620844559 3674
1620844860 3678
1620845160 3670
1620845460 3676
1620845760 3670
1620846061 3670
1620846361 3672
1620846661 3670
1620846961 3674
1620847261 3682
1620847562 3674
1620847862 3670
1620848153 3666
1620848753 3672
1620849353 3670
1620849953 3668
1620850554 3666
1620851154 3666
1620851754 3666
1620852354 3666
1620852955 3666
1620853555 3664
1620854155 3666
1620854755 3664
1620855355 3666
1620855956 3666
1620856556 3666
1620857156 3666
1620857757 3670
1620858357 3664
1620858957 3666
1620859557 3662
1620860158 3664
1620860758 3668
1620861358 3662
1620861958 3664
1620862559 3666
1620863159 3666
1620863759 3660
1620864359 3666
1620864959 3670
1620865559 3660
1620866160 3662
1620866760 3662
1620867361 3660
1620867961 3658
1620868561 3662
1620869161 3662
1620869762 3662
1620870362 3658
1620870962 3658
1620871562 3658
1620872163 3662
1620872763 3658
1620873363 3654
1620873963 3652
1620874563 3658
1620875164 3658
1620875764 3656
1620876364 3658
1620876964 3658
1620877565 3652
1620878165 3656
1620878765 3656
1620879365 3656
1620879965 3656
1620880566 3652
1620881166 3656
1620881766 3652
1620882367 3656
1620882967 3652
1620883567 3658
1620884167 3656
1620884768 3650
1620885368 3654
1620885968 3652
1620886569 3652
1620887169 3650
1620887769 3650
1620888369 3650
1620888969 3654
1620889570 3656
1620890170 3650
1620890770 3652
1620891370 3650
1620891971 3650
1620892571 3650
1620893171 3650
1620893772 3650
1620894372 3654
1620894972 3656
1620895573 3650
1620896173 3648
1620896773 3650
1620897373 3650
1620897974 3650
1620898574 3650
1620899174 3650
1620899775 3642
1620900375 3648
1620900975 3650
1620901575 3644
1620902176 3650
1620902776 3644
1620903376 3646
1620903976 3644
1620904577 3644
1620905177 3644
1620905777 3644
1620906377 3644
1620906978 3644
1620907578 3644
1620908178 3642
1620908778 3644
1620909379 3634
1620909979 3650
1620910579 3642
1620911180 3642
1620911780 3644
1620912380 3642
1620912980 3642
1620913580 3638
1620914181 3642
1620914781 3642
1620915381 3642
1620915982 3642
1620916582 3646
1620917182 3642
1620917783 3640
1620918383 3642
1620918983 3638
1620919583 3640
1620920183 3642
1620920784 3638
1620921384 3638
1620921984 3642
1620922585 3638
1620923185 3642
1620923785 3638
1620924385 3644
1620924985 3640
1620925585 3640
1620926186 3640
1620926786 3638
1620927386 3644
1620927987 3630
1620928587 3636
1620929187 3642
1620929787 3638
1620930388 3636
1620930988 3638
1620931588 3638
1620932188 3636
1620932789 3636
